maj 19, 2014 8:31:49 AM org.comprog.SudokuLogger log
SEVERE: Wyjątek Nie znaleziono pliku FileSudokuBoardDaoTest.dat
maj 19, 2014 8:36:33 AM org.comprog.SudokuLogger log
SEVERE: Illegal mode "w" must be one of "r", "rw", "rws", or "rwd"
maj 19, 2014 8:37:20 AM org.comprog.SudokuLogger log
SEVERE: Illegal mode "w" must be one of "r", "rw", "rws", or "rwd"
maj 19, 2014 8:39:14 AM org.comprog.SudokuLogger log
SEVERE: null
maj 19, 2014 8:43:46 AM org.comprog.SudokuLogger log
SEVERE: null
maj 19, 2014 8:44:30 AM org.comprog.SudokuLogger log
SEVERE: null
maj 19, 2014 8:44:58 AM org.comprog.SudokuLogger log
SEVERE: null
maj 19, 2014 8:48:14 AM org.comprog.SudokuLogger log
SEVERE: null
maj 19, 2014 8:49:06 AM org.comprog.SudokuLogger log
SEVERE: null
maj 19, 2014 8:51:31 AM org.comprog.SudokuLogger log
SEVERE: null
maj 19, 2014 8:52:36 AM org.comprog.SudokuLogger log
SEVERE: null
maj 19, 2014 8:53:30 AM org.comprog.SudokuLogger log
SEVERE: null
maj 19, 2014 8:54:07 AM org.comprog.SudokuLogger log
SEVERE: null
maj 19, 2014 8:54:22 AM org.comprog.SudokuLogger log
SEVERE: null
maj 19, 2014 8:54:37 AM org.comprog.SudokuLogger log
SEVERE: null
maj 19, 2014 8:54:51 AM org.comprog.SudokuLogger log
SEVERE: null
maj 19, 2014 8:54:57 AM org.comprog.SudokuLogger log
SEVERE: null
maj 19, 2014 8:56:01 AM org.comprog.SudokuLogger log
SEVERE: null
maj 19, 2014 8:57:49 AM org.comprog.SudokuLogger log
SEVERE: null
maj 19, 2014 8:58:40 AM org.comprog.SudokuLogger log
SEVERE: null
maj 19, 2014 9:02:05 AM org.comprog.SudokuLogger log
SEVERE: null
maj 19, 2014 9:02:35 AM org.comprog.SudokuLogger log
SEVERE: null
maj 19, 2014 9:07:44 AM org.comprog.SudokuLogger log
SEVERE: null
maj 19, 2014 9:08:30 AM org.comprog.SudokuLogger log
SEVERE: null
maj 19, 2014 9:09:32 AM org.comprog.SudokuLogger log
SEVERE: null
maj 19, 2014 9:10:25 AM org.comprog.SudokuLogger log
SEVERE: Wyjątek Nie znaleziono pliku FileSudokuBoardDaoTest.dat
maj 19, 2014 9:11:01 AM org.comprog.SudokuLogger log
SEVERE: null
maj 19, 2014 9:12:06 AM org.comprog.SudokuLogger log
SEVERE: null
maj 19, 2014 9:16:44 AM org.comprog.SudokuLogger log
SEVERE: null
maj 19, 2014 9:17:18 AM org.comprog.SudokuLogger log
SEVERE: null
maj 19, 2014 9:18:51 AM org.comprog.SudokuLogger log
SEVERE: Wyjątek Zerowy wskaźnik null
maj 19, 2014 9:19:29 AM org.comprog.SudokuLogger log
SEVERE: Wyjątek Nie znaleziono pliku null
maj 19, 2014 9:21:10 AM org.comprog.SudokuLogger log
SEVERE: null
maj 19, 2014 9:22:15 AM org.comprog.SudokuLogger log
SEVERE: null
maj 19, 2014 9:22:51 AM org.comprog.SudokuLogger log
SEVERE: null
maj 19, 2014 9:23:52 AM org.comprog.SudokuLogger log
SEVERE: null
maj 19, 2014 9:26:34 AM org.comprog.SudokuLogger log
SEVERE: null
maj 19, 2014 9:28:03 AM org.comprog.SudokuLogger log
SEVERE: null
maj 19, 2014 9:32:11 AM org.comprog.SudokuLogger log
SEVERE: null
maj 19, 2014 9:36:17 AM org.comprog.SudokuLogger log
SEVERE: null
maj 19, 2014 9:37:29 AM org.comprog.SudokuLogger log
SEVERE: null
maj 19, 2014 9:38:17 AM org.comprog.SudokuLogger log
SEVERE: null
